android/app/build/intermediates/manifest_merge_blame_file/release/manifest-merger-blame-release-report.txt
1<?xml version="1.0" encoding="utf-8"?>
2<manifest xmlns:android="http://schemas.android.com/apk/res/android"
3    package="com.jimo.mediaapp"
4    android:versionCode="1"
5    android:versionName="1.0.0" >
6
7    <uses-sdk
8        android:minSdkVersion="23"
9        android:targetSdkVersion="34" />
10
11    <uses-permission android:name="android.permission.INTERNET" />
11-->src\main\AndroidManifest.xml:2:3-64
11-->src\main\AndroidManifest.xml:2:20-62
12    <uses-permission android:name="android.permission.READ_EXTERNAL_STORAGE" />
12-->src\main\AndroidManifest.xml:3:3-77
12-->src\main\AndroidManifest.xml:3:20-75
13    <uses-permission android:name="android.permission.RECORD_AUDIO" />
13-->src\main\AndroidManifest.xml:4:3-68
13-->src\main\AndroidManifest.xml:4:20-66
14    <uses-permission android:name="android.permission.SYSTEM_ALERT_WINDOW" />
14-->src\main\AndroidManifest.xml:5:3-75
14-->src\main\AndroidManifest.xml:5:20-73
15    <uses-permission android:name="android.permission.VIBRATE" />
15-->src\main\AndroidManifest.xml:6:3-63
15-->src\main\AndroidManifest.xml:6:20-61
16    <uses-permission android:name="android.permission.WRITE_EXTERNAL_STORAGE" />
16-->src\main\AndroidManifest.xml:7:3-78
16-->src\main\AndroidManifest.xml:7:20-76
17
18    <queries>
18-->src\main\AndroidManifest.xml:8:3-14:13
19        <intent>
19-->src\main\AndroidManifest.xml:9:5-13:14
20            <action android:name="android.intent.action.VIEW" />
20-->src\main\AndroidManifest.xml:10:7-58
20-->src\main\AndroidManifest.xml:10:15-56
21
22            <category android:name="android.intent.category.BROWSABLE" />
22-->src\main\AndroidManifest.xml:11:7-67
22-->src\main\AndroidManifest.xml:11:17-65
23
24            <data android:scheme="https" />
24-->src\main\AndroidManifest.xml:12:7-37
24-->src\main\AndroidManifest.xml:12:13-35
25        </intent>
26        <!-- Query open documents -->
27        <intent>
27-->[:expo-file-system] AndroidManifest.xml:15:9-17:18
28            <action android:name="android.intent.action.OPEN_DOCUMENT_TREE" />
28-->[:expo-file-system] AndroidManifest.xml:16:13-79
28-->[:expo-file-system] AndroidManifest.xml:16:21-76
29        </intent>
30        <intent>
30-->[:expo-image-picker] AndroidManifest.xml:17:9-21:18
31
32            <!-- Required for picking images from the camera roll if targeting API 30 -->
33            <action android:name="android.media.action.IMAGE_CAPTURE" />
33-->[:expo-image-picker] AndroidManifest.xml:20:13-73
33-->[:expo-image-picker] AndroidManifest.xml:20:21-70
34        </intent>
35        <intent>
35-->[:expo-image-picker] AndroidManifest.xml:22:9-26:18
36
37            <!-- Required for picking images from the camera if targeting API 30 -->
38            <action android:name="android.media.action.ACTION_VIDEO_CAPTURE" />
38-->[:expo-image-picker] AndroidManifest.xml:25:13-80
38-->[:expo-image-picker] AndroidManifest.xml:25:21-77
39        </intent>
40        <intent>
40-->[:expo-web-browser] AndroidManifest.xml:8:9-12:18
41
42            <!-- Required for opening tabs if targeting API 30 -->
43            <action android:name="android.support.customtabs.action.CustomTabsService" />
43-->[:expo-web-browser] AndroidManifest.xml:11:13-90
43-->[:expo-web-browser] AndroidManifest.xml:11:21-87
44        </intent>
45        <intent>
45-->[com.github.CanHub:Android-Image-Cropper:4.3.1] AndroidManifest.xml:10:9-16:18
46            <action android:name="android.intent.action.GET_CONTENT" />
46-->[com.github.CanHub:Android-Image-Cropper:4.3.1] AndroidManifest.xml:11:13-72
46-->[com.github.CanHub:Android-Image-Cropper:4.3.1] AndroidManifest.xml:11:21-69
47
48            <category android:name="android.intent.category.OPENABLE" />
48-->[com.github.CanHub:Android-Image-Cropper:4.3.1] AndroidManifest.xml:13:13-73
48-->[com.github.CanHub:Android-Image-Cropper:4.3.1] AndroidManifest.xml:13:23-70
49
50            <data android:mimeType="*/*" />
50-->src\main\AndroidManifest.xml:12:7-37
51        </intent>
52    </queries>
53
54    <uses-permission android:name="android.permission.ACCESS_NETWORK_STATE" /> <!-- Required for picking images from camera directly -->
54-->[:expo-updates] AndroidManifest.xml:7:5-79
54-->[:expo-updates] AndroidManifest.xml:7:22-76
55    <uses-permission android:name="android.permission.CAMERA" />
55-->[:expo-image-picker] AndroidManifest.xml:8:5-65
55-->[:expo-image-picker] AndroidManifest.xml:8:22-62
56    <uses-permission android:name="android.permission.READ_MEDIA_IMAGES" />
56-->[:expo-image-picker] AndroidManifest.xml:13:5-76
56-->[:expo-image-picker] AndroidManifest.xml:13:22-73
57    <uses-permission android:name="android.permission.READ_MEDIA_VIDEO" />
57-->[:expo-image-picker] AndroidManifest.xml:14:5-75
57-->[:expo-image-picker] AndroidManifest.xml:14:22-72
58
59    <permission
59-->[androidx.core:core:1.12.0] AndroidManifest.xml:22:5-24:47
60        android:name="com.jimo.mediaapp.DYNAMIC_RECEIVER_NOT_EXPORTED_PERMISSION"
60-->[androidx.core:core:1.12.0] AndroidManifest.xml:23:9-81
61        android:protectionLevel="signature" />
61-->[androidx.core:core:1.12.0] AndroidManifest.xml:24:9-44
62
63    <uses-permission android:name="com.jimo.mediaapp.DYNAMIC_RECEIVER_NOT_EXPORTED_PERMISSION" />
63-->[androidx.core:core:1.12.0] AndroidManifest.xml:26:5-97
63-->[androidx.core:core:1.12.0] AndroidManifest.xml:26:22-94
64
65    <application
65-->src\main\AndroidManifest.xml:15:3-35:17
66        android:name="com.jimo.mediaapp.MainApplication"
66-->src\main\AndroidManifest.xml:15:16-47
67        android:allowBackup="true"
67-->src\main\AndroidManifest.xml:15:162-188
68        android:appComponentFactory="androidx.core.app.CoreComponentFactory"
68-->[androidx.core:core:1.12.0] AndroidManifest.xml:28:18-86
69        android:extractNativeLibs="false"
70        android:icon="@mipmap/ic_launcher"
70-->src\main\AndroidManifest.xml:15:81-115
71        android:label="@string/app_name"
71-->src\main\AndroidManifest.xml:15:48-80
72        android:roundIcon="@mipmap/ic_launcher_round"
72-->src\main\AndroidManifest.xml:15:116-161
73        android:theme="@style/AppTheme" >
73-->src\main\AndroidManifest.xml:15:189-220
74        <meta-data
74-->src\main\AndroidManifest.xml:16:5-82
75            android:name="expo.modules.updates.ENABLED"
75-->src\main\AndroidManifest.xml:16:16-59
76            android:value="true" />
76-->src\main\AndroidManifest.xml:16:60-80
77        <meta-data
77-->src\main\AndroidManifest.xml:17:5-119
78            android:name="expo.modules.updates.EXPO_RUNTIME_VERSION"
78-->src\main\AndroidManifest.xml:17:16-72
79            android:value="@string/expo_runtime_version" />
79-->src\main\AndroidManifest.xml:17:73-117
80        <meta-data
80-->src\main\AndroidManifest.xml:18:5-105
81            android:name="expo.modules.updates.EXPO_UPDATES_CHECK_ON_LAUNCH"
81-->src\main\AndroidManifest.xml:18:16-80
82            android:value="ALWAYS" />
82-->src\main\AndroidManifest.xml:18:81-103
83        <meta-data
83-->src\main\AndroidManifest.xml:19:5-99
84            android:name="expo.modules.updates.EXPO_UPDATES_LAUNCH_WAIT_MS"
84-->src\main\AndroidManifest.xml:19:16-79
85            android:value="0" />
85-->src\main\AndroidManifest.xml:19:80-97
86        <meta-data
86-->src\main\AndroidManifest.xml:20:5-141
87            android:name="expo.modules.updates.EXPO_UPDATE_URL"
87-->src\main\AndroidManifest.xml:20:16-67
88            android:value="https://u.expo.dev/362136a3-dad4-440f-8993-6f7fcb7786c6" />
88-->src\main\AndroidManifest.xml:20:68-139
89
90        <activity
90-->src\main\AndroidManifest.xml:21:5-33:16
91            android:name="com.jimo.mediaapp.MainActivity"
91-->src\main\AndroidManifest.xml:21:15-43
92            android:configChanges="keyboard|keyboardHidden|orientation|screenSize|screenLayout|uiMode"
92-->src\main\AndroidManifest.xml:21:44-134
93            android:exported="true"
93-->src\main\AndroidManifest.xml:21:256-279
94            android:launchMode="singleTask"
94-->src\main\AndroidManifest.xml:21:135-166
95            android:screenOrientation="portrait"
95-->src\main\AndroidManifest.xml:21:280-316
96            android:theme="@style/Theme.App.SplashScreen"
96-->src\main\AndroidManifest.xml:21:210-255
97            android:windowSoftInputMode="adjustResize" >
97-->src\main\AndroidManifest.xml:21:167-209
98            <intent-filter>
98-->src\main\AndroidManifest.xml:22:7-25:23
99                <action android:name="android.intent.action.MAIN" />
99-->src\main\AndroidManifest.xml:23:9-60
99-->src\main\AndroidManifest.xml:23:17-58
100
101                <category android:name="android.intent.category.LAUNCHER" />
101-->src\main\AndroidManifest.xml:24:9-68
101-->src\main\AndroidManifest.xml:24:19-66
102            </intent-filter>
103            <intent-filter>
103-->src\main\AndroidManifest.xml:26:7-32:23
104                <action android:name="android.intent.action.VIEW" />
104-->src\main\AndroidManifest.xml:10:7-58
104-->src\main\AndroidManifest.xml:10:15-56
105
106                <category android:name="android.intent.category.DEFAULT" />
106-->src\main\AndroidManifest.xml:28:9-67
106-->src\main\AndroidManifest.xml:28:19-65
107                <category android:name="android.intent.category.BROWSABLE" />
107-->src\main\AndroidManifest.xml:11:7-67
107-->src\main\AndroidManifest.xml:11:17-65
108
109                <data android:scheme="myapp" />
109-->src\main\AndroidManifest.xml:12:7-37
109-->src\main\AndroidManifest.xml:12:13-35
110                <data android:scheme="com.jimo.mediaapp" />
110-->src\main\AndroidManifest.xml:12:7-37
110-->src\main\AndroidManifest.xml:12:13-35
111            </intent-filter>
112        </activity>
113        <activity
113-->src\main\AndroidManifest.xml:34:5-106
114            android:name="com.facebook.react.devsupport.DevSettingsActivity"
114-->src\main\AndroidManifest.xml:34:15-79
115            android:exported="false" />
115-->src\main\AndroidManifest.xml:34:80-104
116
117        <provider
117-->[:expo-file-system] AndroidManifest.xml:21:9-30:20
118            android:name="expo.modules.filesystem.FileSystemFileProvider"
118-->[:expo-file-system] AndroidManifest.xml:22:13-74
119            android:authorities="com.jimo.mediaapp.FileSystemFileProvider"
119-->[:expo-file-system] AndroidManifest.xml:23:13-74
120            android:exported="false"
120-->[:expo-file-system] AndroidManifest.xml:24:13-37
121            android:grantUriPermissions="true" >
121-->[:expo-file-system] AndroidManifest.xml:25:13-47
122            <meta-data
122-->[:expo-file-system] AndroidManifest.xml:27:13-29:70
123                android:name="android.support.FILE_PROVIDER_PATHS"
123-->[:expo-file-system] AndroidManifest.xml:28:17-67
124                android:resource="@xml/file_system_provider_paths" />
124-->[:expo-file-system] AndroidManifest.xml:29:17-67
125        </provider>
126
127        <service
127-->[:expo-image-picker] AndroidManifest.xml:30:9-42:19
128            android:name="com.google.android.gms.metadata.ModuleDependencies"
128-->[:expo-image-picker] AndroidManifest.xml:31:13-78
129            android:enabled="false"
129-->[:expo-image-picker] AndroidManifest.xml:32:13-36
130            android:exported="false" >
130-->[:expo-image-picker] AndroidManifest.xml:33:13-37
131            <intent-filter>
131-->[:expo-image-picker] AndroidManifest.xml:35:13-37:29
132                <action android:name="com.google.android.gms.metadata.MODULE_DEPENDENCIES" />
132-->[:expo-image-picker] AndroidManifest.xml:36:17-94
132-->[:expo-image-picker] AndroidManifest.xml:36:25-91
133            </intent-filter>
134
135            <meta-data
135-->[:expo-image-picker] AndroidManifest.xml:39:13-41:36
136                android:name="photopicker_activity:0:required"
136-->[:expo-image-picker] AndroidManifest.xml:40:17-63
137                android:value="" />
137-->[:expo-image-picker] AndroidManifest.xml:41:17-33
138        </service>
139
140        <activity
140-->[:expo-image-picker] AndroidManifest.xml:44:9-46:59
141            android:name="com.canhub.cropper.CropImageActivity"
141-->[:expo-image-picker] AndroidManifest.xml:45:13-64
142            android:exported="true"
142-->[com.github.CanHub:Android-Image-Cropper:4.3.1] AndroidManifest.xml:35:13-36
143            android:theme="@style/Base.Theme.AppCompat" /> <!-- https://developer.android.com/guide/topics/manifest/provider-element.html -->
143-->[:expo-image-picker] AndroidManifest.xml:46:13-56
144        <provider
144-->[:expo-image-picker] AndroidManifest.xml:48:9-56:20
145            android:name="expo.modules.imagepicker.fileprovider.ImagePickerFileProvider"
145-->[:expo-image-picker] AndroidManifest.xml:49:13-89
146            android:authorities="com.jimo.mediaapp.ImagePickerFileProvider"
146-->[:expo-image-picker] AndroidManifest.xml:50:13-75
147            android:exported="false"
147-->[:expo-image-picker] AndroidManifest.xml:51:13-37
148            android:grantUriPermissions="true" >
148-->[:expo-image-picker] AndroidManifest.xml:52:13-47
149            <meta-data
149-->[:expo-file-system] AndroidManifest.xml:27:13-29:70
150                android:name="android.support.FILE_PROVIDER_PATHS"
150-->[:expo-file-system] AndroidManifest.xml:28:17-67
151                android:resource="@xml/image_picker_provider_paths" />
151-->[:expo-file-system] AndroidManifest.xml:29:17-67
152        </provider>
153
154        <meta-data
154-->[:expo-modules-core] AndroidManifest.xml:9:9-11:89
155            android:name="org.unimodules.core.AppLoader#react-native-headless"
155-->[:expo-modules-core] AndroidManifest.xml:10:13-79
156            android:value="expo.modules.adapters.react.apploader.RNHeadlessAppLoader" />
156-->[:expo-modules-core] AndroidManifest.xml:11:13-86
157        <meta-data
157-->[:expo-modules-core] AndroidManifest.xml:12:9-15:45
158            android:name="com.facebook.soloader.enabled"
158-->[:expo-modules-core] AndroidManifest.xml:13:13-57
159            android:value="true" />
159-->[:expo-modules-core] AndroidManifest.xml:14:13-33
160
161        <provider
161-->[com.github.CanHub:Android-Image-Cropper:4.3.1] AndroidManifest.xml:23:9-31:20
162            android:name="com.canhub.cropper.CropFileProvider"
162-->[com.github.CanHub:Android-Image-Cropper:4.3.1] AndroidManifest.xml:24:13-63
163            android:authorities="com.jimo.mediaapp.cropper.fileprovider"
163-->[com.github.CanHub:Android-Image-Cropper:4.3.1] AndroidManifest.xml:25:13-72
164            android:exported="false"
164-->[com.github.CanHub:Android-Image-Cropper:4.3.1] AndroidManifest.xml:26:13-37
165            android:grantUriPermissions="true" >
165-->[com.github.CanHub:Android-Image-Cropper:4.3.1] AndroidManifest.xml:27:13-47
166            <meta-data
166-->[:expo-file-system] AndroidManifest.xml:27:13-29:70
167                android:name="android.support.FILE_PROVIDER_PATHS"
167-->[:expo-file-system] AndroidManifest.xml:28:17-67
168                android:resource="@xml/library_file_paths" />
168-->[:expo-file-system] AndroidManifest.xml:29:17-67
169        </provider>
170        <provider
170-->[androidx.emoji2:emoji2:1.2.0] AndroidManifest.xml:24:9-32:20
171            android:name="androidx.startup.InitializationProvider"
171-->[androidx.emoji2:emoji2:1.2.0] AndroidManifest.xml:25:13-67
172            android:authorities="com.jimo.mediaapp.androidx-startup"
172-->[androidx.emoji2:emoji2:1.2.0] AndroidManifest.xml:26:13-68
173            android:exported="false" >
173-->[androidx.emoji2:emoji2:1.2.0] AndroidManifest.xml:27:13-37
174            <meta-data
174-->[androidx.emoji2:emoji2:1.2.0] AndroidManifest.xml:29:13-31:52
175                android:name="androidx.emoji2.text.EmojiCompatInitializer"
175-->[androidx.emoji2:emoji2:1.2.0] AndroidManifest.xml:30:17-75
176                android:value="androidx.startup" />
176-->[androidx.emoji2:emoji2:1.2.0] AndroidManifest.xml:31:17-49
177            <meta-data
177-->[androidx.lifecycle:lifecycle-process:2.6.1] AndroidManifest.xml:29:13-31:52
178                android:name="androidx.lifecycle.ProcessLifecycleInitializer"
178-->[androidx.lifecycle:lifecycle-process:2.6.1] AndroidManifest.xml:30:17-78
179                android:value="androidx.startup" />
179-->[androidx.lifecycle:lifecycle-process:2.6.1] AndroidManifest.xml:31:17-49
180            <meta-data
180-->[androidx.profileinstaller:profileinstaller:1.3.0] AndroidManifest.xml:29:13-31:52
181                android:name="androidx.profileinstaller.ProfileInstallerInitializer"
181-->[androidx.profileinstaller:profileinstaller:1.3.0] AndroidManifest.xml:30:17-85
182                android:value="androidx.startup" />
182-->[androidx.profileinstaller:profileinstaller:1.3.0] AndroidManifest.xml:31:17-49
183        </provider>
184
185        <receiver
185-->[androidx.profileinstaller:profileinstaller:1.3.0] AndroidManifest.xml:34:9-52:20
186            android:name="androidx.profileinstaller.ProfileInstallReceiver"
186-->[androidx.profileinstaller:profileinstaller:1.3.0] AndroidManifest.xml:35:13-76
187            android:directBootAware="false"
187-->[androidx.profileinstaller:profileinstaller:1.3.0] AndroidManifest.xml:36:13-44
188            android:enabled="true"
188-->[androidx.profileinstaller:profileinstaller:1.3.0] AndroidManifest.xml:37:13-35
189            android:exported="true"
189-->[androidx.profileinstaller:profileinstaller:1.3.0] AndroidManifest.xml:38:13-36
190            android:permission="android.permission.DUMP" >
190-->[androidx.profileinstaller:profileinstaller:1.3.0] AndroidManifest.xml:39:13-57
191            <intent-filter>
191-->[androidx.profileinstaller:profileinstaller:1.3.0] AndroidManifest.xml:40:13-42:29
192                <action android:name="androidx.profileinstaller.action.INSTALL_PROFILE" />
192-->[androidx.profileinstaller:profileinstaller:1.3.0] AndroidManifest.xml:41:17-91
192-->[androidx.profileinstaller:profileinstaller:1.3.0] AndroidManifest.xml:41:25-88
193            </intent-filter>
194            <intent-filter>
194-->[androidx.profileinstaller:profileinstaller:1.3.0] AndroidManifest.xml:43:13-45:29
195                <action android:name="androidx.profileinstaller.action.SKIP_FILE" />
195-->[androidx.profileinstaller:profileinstaller:1.3.0] AndroidManifest.xml:44:17-85
195-->[androidx.profileinstaller:profileinstaller:1.3.0] AndroidManifest.xml:44:25-82
196            </intent-filter>
197            <intent-filter>
197-->[androidx.profileinstaller:profileinstaller:1.3.0] AndroidManifest.xml:46:13-48:29
198                <action android:name="androidx.profileinstaller.action.SAVE_PROFILE" />
198-->[androidx.profileinstaller:profileinstaller:1.3.0] AndroidManifest.xml:47:17-88
198-->[androidx.profileinstaller:profileinstaller:1.3.0] AndroidManifest.xml:47:25-85
199            </intent-filter>
200            <intent-filter>
200-->[androidx.profileinstaller:profileinstaller:1.3.0] AndroidManifest.xml:49:13-51:29
201                <action android:name="androidx.profileinstaller.action.BENCHMARK_OPERATION" />
201-->[androidx.profileinstaller:profileinstaller:1.3.0] AndroidManifest.xml:50:17-95
201-->[androidx.profileinstaller:profileinstaller:1.3.0] AndroidManifest.xml:50:25-92
202            </intent-filter>
203        </receiver>
204
205        <service
205-->[androidx.room:room-runtime:2.4.2] AndroidManifest.xml:25:9-28:40
206            android:name="androidx.room.MultiInstanceInvalidationService"
206-->[androidx.room:room-runtime:2.4.2] AndroidManifest.xml:26:13-74
207            android:directBootAware="true"
207-->[androidx.room:room-runtime:2.4.2] AndroidManifest.xml:27:13-43
208            android:exported="false" />
208-->[androidx.room:room-runtime:2.4.2] AndroidManifest.xml:28:13-37
209    </application>
210
211</manifest>